mode: set
github.com/nadiaMartinML/backpack-bcgow6-nadia-martin/GoTesting/clase3A/clase4/internal/users/repository.go:36.53,40.2 1 1
github.com/nadiaMartinML/backpack-bcgow6-nadia-martin/GoTesting/clase3A/clase4/internal/users/repository.go:43.44,45.56 2 0
github.com/nadiaMartinML/backpack-bcgow6-nadia-martin/GoTesting/clase3A/clase4/internal/users/repository.go:48.2,48.25 1 0
github.com/nadiaMartinML/backpack-bcgow6-nadia-martin/GoTesting/clase3A/clase4/internal/users/repository.go:52.2,52.44 1 0
github.com/nadiaMartinML/backpack-bcgow6-nadia-martin/GoTesting/clase3A/clase4/internal/users/repository.go:45.56,47.3 1 0
github.com/nadiaMartinML/backpack-bcgow6-nadia-martin/GoTesting/clase3A/clase4/internal/users/repository.go:48.25,50.3 1 0
github.com/nadiaMartinML/backpack-bcgow6-nadia-martin/GoTesting/clase3A/clase4/internal/users/repository.go:56.52,59.16 3 1
github.com/nadiaMartinML/backpack-bcgow6-nadia-martin/GoTesting/clase3A/clase4/internal/users/repository.go:62.2,62.23 1 1
github.com/nadiaMartinML/backpack-bcgow6-nadia-martin/GoTesting/clase3A/clase4/internal/users/repository.go:59.16,61.3 1 0
github.com/nadiaMartinML/backpack-bcgow6-nadia-martin/GoTesting/clase3A/clase4/internal/users/repository.go:66.36,67.2 0 0
github.com/nadiaMartinML/backpack-bcgow6-nadia-martin/GoTesting/clase3A/clase4/internal/users/repository.go:70.140,73.16 3 0
github.com/nadiaMartinML/backpack-bcgow6-nadia-martin/GoTesting/clase3A/clase4/internal/users/repository.go:77.2,80.56 3 0
github.com/nadiaMartinML/backpack-bcgow6-nadia-martin/GoTesting/clase3A/clase4/internal/users/repository.go:84.2,84.15 1 0
github.com/nadiaMartinML/backpack-bcgow6-nadia-martin/GoTesting/clase3A/clase4/internal/users/repository.go:73.16,75.3 1 0
github.com/nadiaMartinML/backpack-bcgow6-nadia-martin/GoTesting/clase3A/clase4/internal/users/repository.go:80.56,82.3 1 0
github.com/nadiaMartinML/backpack-bcgow6-nadia-martin/GoTesting/clase3A/clase4/internal/users/repository.go:88.142,91.16 3 0
github.com/nadiaMartinML/backpack-bcgow6-nadia-martin/GoTesting/clase3A/clase4/internal/users/repository.go:95.2,97.27 3 0
github.com/nadiaMartinML/backpack-bcgow6-nadia-martin/GoTesting/clase3A/clase4/internal/users/repository.go:104.2,104.14 1 0
github.com/nadiaMartinML/backpack-bcgow6-nadia-martin/GoTesting/clase3A/clase4/internal/users/repository.go:108.2,109.16 2 0
github.com/nadiaMartinML/backpack-bcgow6-nadia-martin/GoTesting/clase3A/clase4/internal/users/repository.go:112.2,112.15 1 0
github.com/nadiaMartinML/backpack-bcgow6-nadia-martin/GoTesting/clase3A/clase4/internal/users/repository.go:91.16,93.3 1 0
github.com/nadiaMartinML/backpack-bcgow6-nadia-martin/GoTesting/clase3A/clase4/internal/users/repository.go:97.27,98.28 1 0
github.com/nadiaMartinML/backpack-bcgow6-nadia-martin/GoTesting/clase3A/clase4/internal/users/repository.go:98.28,102.4 3 0
github.com/nadiaMartinML/backpack-bcgow6-nadia-martin/GoTesting/clase3A/clase4/internal/users/repository.go:104.14,106.3 1 0
github.com/nadiaMartinML/backpack-bcgow6-nadia-martin/GoTesting/clase3A/clase4/internal/users/repository.go:109.16,111.3 1 0
github.com/nadiaMartinML/backpack-bcgow6-nadia-martin/GoTesting/clase3A/clase4/internal/users/repository.go:116.47,119.16 3 0
github.com/nadiaMartinML/backpack-bcgow6-nadia-martin/GoTesting/clase3A/clase4/internal/users/repository.go:123.2,126.27 3 0
github.com/nadiaMartinML/backpack-bcgow6-nadia-martin/GoTesting/clase3A/clase4/internal/users/repository.go:133.2,133.14 1 0
github.com/nadiaMartinML/backpack-bcgow6-nadia-martin/GoTesting/clase3A/clase4/internal/users/repository.go:137.2,139.16 3 0
github.com/nadiaMartinML/backpack-bcgow6-nadia-martin/GoTesting/clase3A/clase4/internal/users/repository.go:142.2,142.12 1 0
github.com/nadiaMartinML/backpack-bcgow6-nadia-martin/GoTesting/clase3A/clase4/internal/users/repository.go:119.16,121.3 1 0
github.com/nadiaMartinML/backpack-bcgow6-nadia-martin/GoTesting/clase3A/clase4/internal/users/repository.go:126.27,127.28 1 0
github.com/nadiaMartinML/backpack-bcgow6-nadia-martin/GoTesting/clase3A/clase4/internal/users/repository.go:127.28,130.4 2 0
github.com/nadiaMartinML/backpack-bcgow6-nadia-martin/GoTesting/clase3A/clase4/internal/users/repository.go:133.14,135.3 1 0
github.com/nadiaMartinML/backpack-bcgow6-nadia-martin/GoTesting/clase3A/clase4/internal/users/repository.go:139.16,141.3 1 0
github.com/nadiaMartinML/backpack-bcgow6-nadia-martin/GoTesting/clase3A/clase4/internal/users/repository.go:146.82,149.16 3 0
github.com/nadiaMartinML/backpack-bcgow6-nadia-martin/GoTesting/clase3A/clase4/internal/users/repository.go:153.2,156.27 3 0
github.com/nadiaMartinML/backpack-bcgow6-nadia-martin/GoTesting/clase3A/clase4/internal/users/repository.go:165.2,165.14 1 0
github.com/nadiaMartinML/backpack-bcgow6-nadia-martin/GoTesting/clase3A/clase4/internal/users/repository.go:169.2,170.16 2 0
github.com/nadiaMartinML/backpack-bcgow6-nadia-martin/GoTesting/clase3A/clase4/internal/users/repository.go:173.2,173.15 1 0
github.com/nadiaMartinML/backpack-bcgow6-nadia-martin/GoTesting/clase3A/clase4/internal/users/repository.go:149.16,151.3 1 0
github.com/nadiaMartinML/backpack-bcgow6-nadia-martin/GoTesting/clase3A/clase4/internal/users/repository.go:156.27,157.28 1 0
github.com/nadiaMartinML/backpack-bcgow6-nadia-martin/GoTesting/clase3A/clase4/internal/users/repository.go:157.28,162.4 4 0
github.com/nadiaMartinML/backpack-bcgow6-nadia-martin/GoTesting/clase3A/clase4/internal/users/repository.go:165.14,167.3 1 0
github.com/nadiaMartinML/backpack-bcgow6-nadia-martin/GoTesting/clase3A/clase4/internal/users/repository.go:170.16,172.3 1 0
github.com/nadiaMartinML/backpack-bcgow6-nadia-martin/GoTesting/clase3A/clase4/internal/users/service.go:16.39,20.2 1 0
github.com/nadiaMartinML/backpack-bcgow6-nadia-martin/GoTesting/clase3A/clase4/internal/users/service.go:23.49,25.16 2 0
github.com/nadiaMartinML/backpack-bcgow6-nadia-martin/GoTesting/clase3A/clase4/internal/users/service.go:28.2,28.19 1 0
github.com/nadiaMartinML/backpack-bcgow6-nadia-martin/GoTesting/clase3A/clase4/internal/users/service.go:25.16,27.3 1 0
github.com/nadiaMartinML/backpack-bcgow6-nadia-martin/GoTesting/clase3A/clase4/internal/users/service.go:32.33,33.2 0 0
github.com/nadiaMartinML/backpack-bcgow6-nadia-martin/GoTesting/clase3A/clase4/internal/users/service.go:36.129,38.16 2 0
github.com/nadiaMartinML/backpack-bcgow6-nadia-martin/GoTesting/clase3A/clase4/internal/users/service.go:42.2,43.16 2 0
github.com/nadiaMartinML/backpack-bcgow6-nadia-martin/GoTesting/clase3A/clase4/internal/users/service.go:47.2,47.18 1 0
github.com/nadiaMartinML/backpack-bcgow6-nadia-martin/GoTesting/clase3A/clase4/internal/users/service.go:38.16,40.3 1 0
github.com/nadiaMartinML/backpack-bcgow6-nadia-martin/GoTesting/clase3A/clase4/internal/users/service.go:43.16,45.3 1 0
github.com/nadiaMartinML/backpack-bcgow6-nadia-martin/GoTesting/clase3A/clase4/internal/users/service.go:51.139,53.2 1 0
github.com/nadiaMartinML/backpack-bcgow6-nadia-martin/GoTesting/clase3A/clase4/internal/users/service.go:56.44,58.2 1 0
github.com/nadiaMartinML/backpack-bcgow6-nadia-martin/GoTesting/clase3A/clase4/internal/users/service.go:61.79,63.2 1 0
